=== ERROR LOGS ===

--- ADDRESS: EQBzNM5FZJ48C5sr55s4GZ-CZYlY3PftXauxdfUy11iEgpZL ---
ERROR: Recursive CALLDICT detected for method 55
> Task :buildSrc:checkKotlinGradlePluginConfigurationErrors
> Task :buildSrc:generateExternalPluginSpecBuilders UP-TO-DATE
> Task :buildSrc:extractPrecompiledScriptPluginPlugins UP-TO-DATE
> Task :buildSrc:compilePluginsBlocks UP-TO-DATE
> Task :buildSrc:generatePrecompiledScriptPluginAccessors UP-TO-DATE
> Task :buildSrc:generateScriptPluginAdapters UP-TO-DATE
> Task :buildSrc:compileKotlin UP-TO-DATE
> Task :buildSrc:compileJava NO-SOURCE
> Task :buildSrc:compileGroovy NO-SOURCE
> Task :buildSrc:pluginDescriptors UP-TO-DATE
> Task :buildSrc:processResources UP-TO-DATE
> Task :buildSrc:classes UP-TO-DATE
> Task :buildSrc:jar UP-TO-DATE
> Task :tvm-disasm:checkKotlinGradlePluginConfigurationErrors SKIPPED
> Task :tvm-disasm:compileKotlin UP-TO-DATE
> Task :tvm-disasm:compileJava NO-SOURCE
> Task :tvm-disasm:processResources UP-TO-DATE
> Task :tvm-disasm:classes UP-TO-DATE
> Task :tvm-disasm:jar UP-TO-DATE
> Task :tvm-disasm-cli:checkKotlinGradlePluginConfigurationErrors SKIPPED
> Task :tvm-disasm:generateInstructionsKt
> Task :tvm-opcodes:checkKotlinGradlePluginConfigurationErrors SKIPPED
> Task :tvm-opcodes:compileKotlin UP-TO-DATE
> Task :tvm-opcodes:compileJava NO-SOURCE
> Task :tvm-tac:checkKotlinGradlePluginConfigurationErrors SKIPPED
> Task :tvm-tac:compileKotlin UP-TO-DATE
> Task :tvm-tac:compileJava NO-SOURCE
> Task :tvm-utils:checkKotlinGradlePluginConfigurationErrors SKIPPED
> Task :tvm-utils:compileKotlin UP-TO-DATE
> Task :tvm-utils:compileJava NO-SOURCE
> Task :tvm-disasm-cli:compileKotlin UP-TO-DATE
> Task :tvm-disasm-cli:compileJava NO-SOURCE
> Task :tvm-disasm-cli:processResources UP-TO-DATE
> Task :tvm-disasm-cli:classes UP-TO-DATE
> Task :tvm-opcodes:processResources UP-TO-DATE
> Task :tvm-opcodes:classes UP-TO-DATE
> Task :tvm-opcodes:jar UP-TO-DATE
> Task :tvm-tac:processResources NO-SOURCE
> Task :tvm-tac:classes UP-TO-DATE
> Task :tvm-tac:jar UP-TO-DATE
> Task :tvm-utils:processResources NO-SOURCE
> Task :tvm-utils:classes UP-TO-DATE
> Task :tvm-utils:jar UP-TO-DATE

> Task :tvm-disasm-cli:run

> Task :tvm-disasm-cli:run FAILED
24 actionable tasks: 3 executed, 21 up-to-date
Exception in thread "main" java.lang.IllegalStateException: Recursive CALLDICT detected for method 55
	at org.ton.tac.ContinuationKt.processCallDict(Continuation.kt:81)
	at org.ton.tac.CallDictHandler.handle(TacInstructionHandlers.kt:248)
	at org.ton.tac.TacGenerationKt.processInstruction(TacGeneration.kt:89)
	at org.ton.tac.TacGenerationKt.generateTacCodeBlock(TacGeneration.kt:33)
	at org.ton.tac.TacGenerationKt.generateTacCodeBlock$default(TacGeneration.kt:17)
	at org.ton.tac.ContinuationKt.extractOperandContinuations(Continuation.kt:44)
	at org.ton.tac.PushContHandler.handle(TacInstructionHandlers.kt:208)
	at org.ton.tac.TacGenerationKt.processInstruction(TacGeneration.kt:89)
	at org.ton.tac.TacGenerationKt.generateTacCodeBlock(TacGeneration.kt:33)
	at org.ton.tac.TacGenerationKt.generateTacCodeBlock$default(TacGeneration.kt:17)
	at org.ton.tac.ContinuationKt.processCallDict(Continuation.kt:85)
	at org.ton.tac.CallDictHandler.handle(TacInstructionHandlers.kt:248)
	at org.ton.tac.TacGenerationKt.processInstruction(TacGeneration.kt:89)
	at org.ton.tac.TacGenerationKt.generateTacCodeBlock(TacGeneration.kt:33)
	at org.ton.tac.TacGenerationKt.generateTacCodeBlock$default(TacGeneration.kt:17)
	at org.ton.tac.ContinuationKt.extractOperandContinuations(Continuation.kt:44)
	at org.ton.tac.PushContHandler.handle(TacInstructionHandlers.kt:208)
	at org.ton.tac.TacGenerationKt.processInstruction(TacGeneration.kt:89)
	at org.ton.tac.TacGenerationKt.generateTacCodeBlock(TacGeneration.kt:33)
	at org.ton.tac.TacGenerationKt.generateTacCodeBlock$default(TacGeneration.kt:17)
	at org.ton.tac.TacGenerationKt.generateTacContractCodeInternal(TacGeneration.kt:482)
	at org.ton.tac.TacGenerationKt.generateTacContractCode(TacGeneration.kt:501)
	at org.ton.disasm.TacDisassemblerCommand.run(Main.kt:136)
	at com.github.ajalt.clikt.parsers.Parser.finalizeAndRun(Parser.kt:348)
	at com.github.ajalt.clikt.parsers.Parser.parse(Parser.kt:218)
	at com.github.ajalt.clikt.parsers.Parser.parse(Parser.kt:245)
	at com.github.ajalt.clikt.parsers.Parser.parse(Parser.kt:42)
	at com.github.ajalt.clikt.core.CliktCommand.parse(CliktCommand.kt:457)
	at com.github.ajalt.clikt.core.CliktCommand.parse$default(CliktCommand.kt:454)
	at com.github.ajalt.clikt.core.CliktCommand.main(CliktCommand.kt:474)
	at com.github.ajalt.clikt.core.CliktCommand.main(CliktCommand.kt:481)
	at org.ton.disasm.MainKt.main(Main.kt:152)

FAILURE: Build failed with an exception.

* What went wrong:
Execution failed for task ':tvm-disasm-cli:run'.
> Process 'command 'C:\Program Files\Java\jdk-21\bin\java.exe'' finished with non-zero exit value 1

* Try:
> Run with --stacktrace option to get the stack trace.
> Run with --info or --debug option to get more log output.
> Run with --scan to get full insights.
> Get more help at https://help.gradle.org.

BUILD FAILED in 21s

========================================

--- ADDRESS: EQBRQ9NoUeKEBX9M7CZAHG97FwXQr6hbm35QAU0vT54tCecm ---
ERROR: Unsupported stack value types in DICTUGET: CONDITIONAL
> Task :buildSrc:checkKotlinGradlePluginConfigurationErrors
> Task :buildSrc:generateExternalPluginSpecBuilders UP-TO-DATE
> Task :buildSrc:extractPrecompiledScriptPluginPlugins UP-TO-DATE
> Task :buildSrc:compilePluginsBlocks UP-TO-DATE
> Task :buildSrc:generatePrecompiledScriptPluginAccessors UP-TO-DATE
> Task :buildSrc:generateScriptPluginAdapters UP-TO-DATE
> Task :buildSrc:compileKotlin UP-TO-DATE
> Task :buildSrc:compileJava NO-SOURCE
> Task :buildSrc:compileGroovy NO-SOURCE
> Task :buildSrc:pluginDescriptors UP-TO-DATE
> Task :buildSrc:processResources UP-TO-DATE
> Task :buildSrc:classes UP-TO-DATE
> Task :buildSrc:jar UP-TO-DATE
> Task :tvm-disasm:checkKotlinGradlePluginConfigurationErrors SKIPPED
> Task :tvm-disasm:compileKotlin UP-TO-DATE
> Task :tvm-disasm:compileJava NO-SOURCE
> Task :tvm-disasm:processResources UP-TO-DATE
> Task :tvm-disasm:classes UP-TO-DATE
> Task :tvm-disasm:jar UP-TO-DATE
> Task :tvm-disasm-cli:checkKotlinGradlePluginConfigurationErrors SKIPPED
> Task :tvm-disasm:generateInstructionsKt
> Task :tvm-opcodes:checkKotlinGradlePluginConfigurationErrors SKIPPED
> Task :tvm-opcodes:compileKotlin UP-TO-DATE
> Task :tvm-opcodes:compileJava NO-SOURCE
> Task :tvm-tac:checkKotlinGradlePluginConfigurationErrors SKIPPED
> Task :tvm-tac:compileKotlin UP-TO-DATE
> Task :tvm-tac:compileJava NO-SOURCE
> Task :tvm-utils:checkKotlinGradlePluginConfigurationErrors SKIPPED
> Task :tvm-utils:compileKotlin UP-TO-DATE
> Task :tvm-utils:compileJava NO-SOURCE
> Task :tvm-disasm-cli:compileKotlin UP-TO-DATE
> Task :tvm-disasm-cli:compileJava NO-SOURCE
> Task :tvm-disasm-cli:processResources UP-TO-DATE
> Task :tvm-disasm-cli:classes UP-TO-DATE
> Task :tvm-opcodes:processResources UP-TO-DATE
> Task :tvm-opcodes:classes UP-TO-DATE
> Task :tvm-opcodes:jar UP-TO-DATE
> Task :tvm-tac:processResources NO-SOURCE
> Task :tvm-tac:classes UP-TO-DATE
> Task :tvm-tac:jar UP-TO-DATE
> Task :tvm-utils:processResources NO-SOURCE
> Task :tvm-utils:classes UP-TO-DATE
> Task :tvm-utils:jar UP-TO-DATE

> Task :tvm-disasm-cli:run FAILED
24 actionable tasks: 3 executed, 21 up-to-date
Exception in thread "main" java.lang.IllegalStateException: Unsupported stack value types in DICTUGET: CONDITIONAL
	at org.ton.tac.StackKt.throwErrorIfStackTypesNotSupported(Stack.kt:31)
	at org.ton.tac.TacGenerationKt.processInstruction(TacGeneration.kt:79)
	at org.ton.tac.TacGenerationKt.generateTacCodeBlock(TacGeneration.kt:33)
	at org.ton.tac.TacGenerationKt.generateTacCodeBlock$default(TacGeneration.kt:17)
	at org.ton.tac.ContinuationKt.extractOperandContinuations(Continuation.kt:44)
	at org.ton.tac.TacGenerationKt.handleBranchingInstruction(TacGeneration.kt:151)
	at org.ton.tac.TacGenerationKt.processInstruction(TacGeneration.kt:84)
	at org.ton.tac.TacGenerationKt.generateTacCodeBlock(TacGeneration.kt:33)
	at org.ton.tac.TacGenerationKt.generateTacCodeBlock$default(TacGeneration.kt:17)
	at org.ton.tac.TacGenerationKt.generateTacContractCodeInternal(TacGeneration.kt:482)
	at org.ton.tac.TacGenerationKt.generateTacContractCode(TacGeneration.kt:501)
	at org.ton.disasm.TacDisassemblerCommand.run(Main.kt:136)
	at com.github.ajalt.clikt.parsers.Parser.finalizeAndRun(Parser.kt:348)
	at com.github.ajalt.clikt.parsers.Parser.parse(Parser.kt:218)
	at com.github.ajalt.clikt.parsers.Parser.parse(Parser.kt:245)
	at com.github.ajalt.clikt.parsers.Parser.parse(Parser.kt:42)
	at com.github.ajalt.clikt.core.CliktCommand.parse(CliktCommand.kt:457)
	at com.github.ajalt.clikt.core.CliktCommand.parse$default(CliktCommand.kt:454)
	at com.github.ajalt.clikt.core.CliktCommand.main(CliktCommand.kt:474)
	at com.github.ajalt.clikt.core.CliktCommand.main(CliktCommand.kt:481)
	at org.ton.disasm.MainKt.main(Main.kt:152)

FAILURE: Build failed with an exception.

* What went wrong:
Execution failed for task ':tvm-disasm-cli:run'.
> Process 'command 'C:\Program Files\Java\jdk-21\bin\java.exe'' finished with non-zero exit value 1

* Try:
> Run with --stacktrace option to get the stack trace.
> Run with --info or --debug option to get more log output.
> Run with --scan to get full insights.
> Get more help at https://help.gradle.org.

BUILD FAILED in 20s

========================================

--- ADDRESS: EQBLZJv_DGlRJ-HqSY2yjmmGiRspStQ2G-akZVQWAcr7pUFt ---
ERROR: Unsupported stack value types in DICTDEL: CONDITIONAL
> Task :buildSrc:checkKotlinGradlePluginConfigurationErrors
> Task :buildSrc:generateExternalPluginSpecBuilders UP-TO-DATE
> Task :buildSrc:extractPrecompiledScriptPluginPlugins UP-TO-DATE
> Task :buildSrc:compilePluginsBlocks UP-TO-DATE
> Task :buildSrc:generatePrecompiledScriptPluginAccessors UP-TO-DATE
> Task :buildSrc:generateScriptPluginAdapters UP-TO-DATE
> Task :buildSrc:compileKotlin UP-TO-DATE
> Task :buildSrc:compileJava NO-SOURCE
> Task :buildSrc:compileGroovy NO-SOURCE
> Task :buildSrc:pluginDescriptors UP-TO-DATE
> Task :buildSrc:processResources UP-TO-DATE
> Task :buildSrc:classes UP-TO-DATE
> Task :buildSrc:jar UP-TO-DATE
> Task :tvm-disasm:checkKotlinGradlePluginConfigurationErrors SKIPPED
> Task :tvm-disasm:compileKotlin UP-TO-DATE
> Task :tvm-disasm:compileJava NO-SOURCE
> Task :tvm-disasm:processResources UP-TO-DATE
> Task :tvm-disasm:classes UP-TO-DATE
> Task :tvm-disasm:jar UP-TO-DATE
> Task :tvm-disasm-cli:checkKotlinGradlePluginConfigurationErrors SKIPPED
> Task :tvm-disasm:generateInstructionsKt
> Task :tvm-opcodes:checkKotlinGradlePluginConfigurationErrors SKIPPED
> Task :tvm-opcodes:compileKotlin UP-TO-DATE
> Task :tvm-opcodes:compileJava NO-SOURCE
> Task :tvm-tac:checkKotlinGradlePluginConfigurationErrors SKIPPED
> Task :tvm-tac:compileKotlin UP-TO-DATE
> Task :tvm-tac:compileJava NO-SOURCE
> Task :tvm-utils:checkKotlinGradlePluginConfigurationErrors SKIPPED
> Task :tvm-utils:compileKotlin UP-TO-DATE
> Task :tvm-utils:compileJava NO-SOURCE
> Task :tvm-disasm-cli:compileKotlin UP-TO-DATE
> Task :tvm-disasm-cli:compileJava NO-SOURCE
> Task :tvm-disasm-cli:processResources UP-TO-DATE
> Task :tvm-disasm-cli:classes UP-TO-DATE
> Task :tvm-opcodes:processResources UP-TO-DATE
> Task :tvm-opcodes:classes UP-TO-DATE
> Task :tvm-opcodes:jar UP-TO-DATE
> Task :tvm-tac:processResources NO-SOURCE
> Task :tvm-tac:classes UP-TO-DATE
> Task :tvm-tac:jar UP-TO-DATE
> Task :tvm-utils:processResources NO-SOURCE
> Task :tvm-utils:classes UP-TO-DATE
> Task :tvm-utils:jar UP-TO-DATE

> Task :tvm-disasm-cli:run

> Task :tvm-disasm-cli:run FAILED
24 actionable tasks: 3 executed, 21 up-to-date
Exception in thread "main" java.lang.IllegalStateException: Unsupported stack value types in DICTDEL: CONDITIONAL
	at org.ton.tac.StackKt.throwErrorIfStackTypesNotSupported(Stack.kt:31)
	at org.ton.tac.TacGenerationKt.processInstruction(TacGeneration.kt:79)
	at org.ton.tac.TacGenerationKt.generateTacCodeBlock(TacGeneration.kt:33)
	at org.ton.tac.TacGenerationKt.generateTacCodeBlock$default(TacGeneration.kt:17)
	at org.ton.tac.ContinuationKt.extractOperandContinuations(Continuation.kt:44)
	at org.ton.tac.PushContHandler.handle(TacInstructionHandlers.kt:208)
	at org.ton.tac.TacGenerationKt.processInstruction(TacGeneration.kt:89)
	at org.ton.tac.TacGenerationKt.generateTacCodeBlock(TacGeneration.kt:33)
	at org.ton.tac.TacGenerationKt.generateTacCodeBlock$default(TacGeneration.kt:17)
	at org.ton.tac.ContinuationKt.extractOperandContinuations(Continuation.kt:44)
	at org.ton.tac.TacGenerationKt.handleBranchingInstruction(TacGeneration.kt:151)
	at org.ton.tac.TacGenerationKt.processInstruction(TacGeneration.kt:84)
	at org.ton.tac.TacGenerationKt.generateTacCodeBlock(TacGeneration.kt:33)
	at org.ton.tac.TacGenerationKt.generateTacCodeBlock$default(TacGeneration.kt:17)
	at org.ton.tac.ContinuationKt.extractOperandContinuations(Continuation.kt:44)
	at org.ton.tac.TacGenerationKt.handleBranchingInstruction(TacGeneration.kt:151)
	at org.ton.tac.TacGenerationKt.processInstruction(TacGeneration.kt:84)
	at org.ton.tac.TacGenerationKt.generateTacCodeBlock(TacGeneration.kt:33)
	at org.ton.tac.TacGenerationKt.generateTacCodeBlock$default(TacGeneration.kt:17)
	at org.ton.tac.TacGenerationKt.generateTacContractCodeInternal(TacGeneration.kt:482)
	at org.ton.tac.TacGenerationKt.generateTacContractCode(TacGeneration.kt:501)
	at org.ton.disasm.TacDisassemblerCommand.run(Main.kt:136)
	at com.github.ajalt.clikt.parsers.Parser.finalizeAndRun(Parser.kt:348)
	at com.github.ajalt.clikt.parsers.Parser.parse(Parser.kt:218)
	at com.github.ajalt.clikt.parsers.Parser.parse(Parser.kt:245)
	at com.github.ajalt.clikt.parsers.Parser.parse(Parser.kt:42)
	at com.github.ajalt.clikt.core.CliktCommand.parse(CliktCommand.kt:457)
	at com.github.ajalt.clikt.core.CliktCommand.parse$default(CliktCommand.kt:454)
	at com.github.ajalt.clikt.core.CliktCommand.main(CliktCommand.kt:474)
	at com.github.ajalt.clikt.core.CliktCommand.main(CliktCommand.kt:481)
	at org.ton.disasm.MainKt.main(Main.kt:152)

FAILURE: Build failed with an exception.

* What went wrong:
Execution failed for task ':tvm-disasm-cli:run'.
> Process 'command 'C:\Program Files\Java\jdk-21\bin\java.exe'' finished with non-zero exit value 1

* Try:
> Run with --stacktrace option to get the stack trace.
> Run with --info or --debug option to get more log output.
> Run with --scan to get full insights.
> Get more help at https://help.gradle.org.

BUILD FAILED in 23s

========================================

--- ADDRESS: EQAYv0g2SZl8Q4QYyLCVB4Qg2uWYNpDtVsTlofXPv7WIUcia ---
ERROR: Exception in thread "main" kotlin.NotImplementedError: An operation is not implemented: in RETALT branch isn't type variable
> Task :buildSrc:checkKotlinGradlePluginConfigurationErrors
> Task :buildSrc:generateExternalPluginSpecBuilders UP-TO-DATE
> Task :buildSrc:extractPrecompiledScriptPluginPlugins UP-TO-DATE
> Task :buildSrc:compilePluginsBlocks UP-TO-DATE
> Task :buildSrc:generatePrecompiledScriptPluginAccessors UP-TO-DATE
> Task :buildSrc:generateScriptPluginAdapters UP-TO-DATE
> Task :buildSrc:compileKotlin UP-TO-DATE
> Task :buildSrc:compileJava NO-SOURCE
> Task :buildSrc:compileGroovy NO-SOURCE
> Task :buildSrc:pluginDescriptors UP-TO-DATE
> Task :buildSrc:processResources UP-TO-DATE
> Task :buildSrc:classes UP-TO-DATE
> Task :buildSrc:jar UP-TO-DATE
> Task :tvm-disasm:checkKotlinGradlePluginConfigurationErrors SKIPPED
> Task :tvm-disasm:compileKotlin UP-TO-DATE
> Task :tvm-disasm:compileJava NO-SOURCE
> Task :tvm-disasm:processResources UP-TO-DATE
> Task :tvm-disasm:classes UP-TO-DATE
> Task :tvm-disasm:jar UP-TO-DATE
> Task :tvm-disasm-cli:checkKotlinGradlePluginConfigurationErrors SKIPPED
> Task :tvm-disasm:generateInstructionsKt
> Task :tvm-opcodes:checkKotlinGradlePluginConfigurationErrors SKIPPED
> Task :tvm-opcodes:compileKotlin UP-TO-DATE
> Task :tvm-opcodes:compileJava NO-SOURCE
> Task :tvm-tac:checkKotlinGradlePluginConfigurationErrors SKIPPED
> Task :tvm-tac:compileKotlin UP-TO-DATE
> Task :tvm-tac:compileJava NO-SOURCE
> Task :tvm-utils:checkKotlinGradlePluginConfigurationErrors SKIPPED
> Task :tvm-utils:compileKotlin UP-TO-DATE
> Task :tvm-utils:compileJava NO-SOURCE
> Task :tvm-disasm-cli:compileKotlin UP-TO-DATE
> Task :tvm-disasm-cli:compileJava NO-SOURCE
> Task :tvm-disasm-cli:processResources UP-TO-DATE
> Task :tvm-disasm-cli:classes UP-TO-DATE
> Task :tvm-opcodes:processResources UP-TO-DATE
> Task :tvm-opcodes:classes UP-TO-DATE
> Task :tvm-opcodes:jar UP-TO-DATE
> Task :tvm-tac:processResources NO-SOURCE
> Task :tvm-tac:classes UP-TO-DATE
> Task :tvm-tac:jar UP-TO-DATE
> Task :tvm-utils:processResources NO-SOURCE
> Task :tvm-utils:classes UP-TO-DATE
> Task :tvm-utils:jar UP-TO-DATE

> Task :tvm-disasm-cli:run FAILED
24 actionable tasks: 3 executed, 21 up-to-date
Exception in thread "main" kotlin.NotImplementedError: An operation is not implemented: in RETALT branch isn't type variable
	at org.ton.tac.ContinuationKt.throwErrorIfBranchesNotTypeVar(Continuation.kt:149)
	at org.ton.tac.TacGenerationKt.handleBranchingInstruction(TacGeneration.kt:118)
	at org.ton.tac.TacGenerationKt.processInstruction(TacGeneration.kt:84)
	at org.ton.tac.TacGenerationKt.generateTacCodeBlock(TacGeneration.kt:33)
	at org.ton.tac.TacGenerationKt.generateTacCodeBlock$default(TacGeneration.kt:17)
	at org.ton.tac.ContinuationKt.extractOperandContinuations(Continuation.kt:44)
	at org.ton.tac.TacGenerationKt.handleBranchingInstruction(TacGeneration.kt:151)
	at org.ton.tac.TacGenerationKt.processInstruction(TacGeneration.kt:84)
	at org.ton.tac.TacGenerationKt.generateTacCodeBlock(TacGeneration.kt:33)
	at org.ton.tac.TacGenerationKt.generateTacCodeBlock$default(TacGeneration.kt:17)
	at org.ton.tac.ContinuationKt.extractOperandContinuations(Continuation.kt:44)
	at org.ton.tac.TacGenerationKt.handleBranchingInstruction(TacGeneration.kt:151)
	at org.ton.tac.TacGenerationKt.processInstruction(TacGeneration.kt:84)
	at org.ton.tac.TacGenerationKt.generateTacCodeBlock(TacGeneration.kt:33)
	at org.ton.tac.TacGenerationKt.generateTacCodeBlock$default(TacGeneration.kt:17)
	at org.ton.tac.ContinuationKt.extractOperandContinuations(Continuation.kt:44)
	at org.ton.tac.TacGenerationKt.handleBranchingInstruction(TacGeneration.kt:151)
	at org.ton.tac.TacGenerationKt.processInstruction(TacGeneration.kt:84)
	at org.ton.tac.TacGenerationKt.generateTacCodeBlock(TacGeneration.kt:33)
	at org.ton.tac.TacGenerationKt.generateTacCodeBlock$default(TacGeneration.kt:17)
	at org.ton.tac.TacGenerationKt.generateTacContractCodeInternal(TacGeneration.kt:472)
	at org.ton.tac.TacGenerationKt.generateTacContractCode(TacGeneration.kt:501)
	at org.ton.disasm.TacDisassemblerCommand.run(Main.kt:136)
	at com.github.ajalt.clikt.parsers.Parser.finalizeAndRun(Parser.kt:348)
	at com.github.ajalt.clikt.parsers.Parser.parse(Parser.kt:218)
	at com.github.ajalt.clikt.parsers.Parser.parse(Parser.kt:245)
	at com.github.ajalt.clikt.parsers.Parser.parse(Parser.kt:42)
	at com.github.ajalt.clikt.core.CliktCommand.parse(CliktCommand.kt:457)
	at com.github.ajalt.clikt.core.CliktCommand.parse$default(CliktCommand.kt:454)
	at com.github.ajalt.clikt.core.CliktCommand.main(CliktCommand.kt:474)
	at com.github.ajalt.clikt.core.CliktCommand.main(CliktCommand.kt:481)
	at org.ton.disasm.MainKt.main(Main.kt:152)

FAILURE: Build failed with an exception.

* What went wrong:
Execution failed for task ':tvm-disasm-cli:run'.
> Process 'command 'C:\Program Files\Java\jdk-21\bin\java.exe'' finished with non-zero exit value 1

* Try:
> Run with --stacktrace option to get the stack trace.
> Run with --info or --debug option to get more log output.
> Run with --scan to get full insights.
> Get more help at https://help.gradle.org.

BUILD FAILED in 19s

========================================

--- ADDRESS: EQAvJuEln0lP8c2YMZ4sKGwQRt_kmxmC494v8Y4TTHgOasKJ ---
ERROR: Unsupported stack value types in DICTUGETREF: CONDITIONAL
> Task :buildSrc:checkKotlinGradlePluginConfigurationErrors
> Task :buildSrc:generateExternalPluginSpecBuilders UP-TO-DATE
> Task :buildSrc:extractPrecompiledScriptPluginPlugins UP-TO-DATE
> Task :buildSrc:compilePluginsBlocks UP-TO-DATE
> Task :buildSrc:generatePrecompiledScriptPluginAccessors UP-TO-DATE
> Task :buildSrc:generateScriptPluginAdapters UP-TO-DATE
> Task :buildSrc:compileKotlin UP-TO-DATE
> Task :buildSrc:compileJava NO-SOURCE
> Task :buildSrc:compileGroovy NO-SOURCE
> Task :buildSrc:pluginDescriptors UP-TO-DATE
> Task :buildSrc:processResources UP-TO-DATE
> Task :buildSrc:classes UP-TO-DATE
> Task :buildSrc:jar UP-TO-DATE
> Task :tvm-disasm:checkKotlinGradlePluginConfigurationErrors SKIPPED
> Task :tvm-disasm:compileKotlin UP-TO-DATE
> Task :tvm-disasm:compileJava NO-SOURCE
> Task :tvm-disasm:processResources UP-TO-DATE
> Task :tvm-disasm:classes UP-TO-DATE
> Task :tvm-disasm:jar UP-TO-DATE
> Task :tvm-disasm-cli:checkKotlinGradlePluginConfigurationErrors SKIPPED
> Task :tvm-disasm:generateInstructionsKt
> Task :tvm-opcodes:checkKotlinGradlePluginConfigurationErrors SKIPPED
> Task :tvm-opcodes:compileKotlin UP-TO-DATE
> Task :tvm-opcodes:compileJava NO-SOURCE
> Task :tvm-tac:checkKotlinGradlePluginConfigurationErrors SKIPPED
> Task :tvm-tac:compileKotlin UP-TO-DATE
> Task :tvm-tac:compileJava NO-SOURCE
> Task :tvm-utils:checkKotlinGradlePluginConfigurationErrors SKIPPED
> Task :tvm-utils:compileKotlin UP-TO-DATE
> Task :tvm-utils:compileJava NO-SOURCE
> Task :tvm-disasm-cli:compileKotlin UP-TO-DATE
> Task :tvm-disasm-cli:compileJava NO-SOURCE
> Task :tvm-disasm-cli:processResources UP-TO-DATE
> Task :tvm-disasm-cli:classes UP-TO-DATE
> Task :tvm-opcodes:processResources UP-TO-DATE
> Task :tvm-opcodes:classes UP-TO-DATE
> Task :tvm-opcodes:jar UP-TO-DATE
> Task :tvm-tac:processResources NO-SOURCE
> Task :tvm-tac:classes UP-TO-DATE
> Task :tvm-tac:jar UP-TO-DATE
> Task :tvm-utils:processResources NO-SOURCE
> Task :tvm-utils:classes UP-TO-DATE
> Task :tvm-utils:jar UP-TO-DATE

> Task :tvm-disasm-cli:run

> Task :tvm-disasm-cli:run FAILED
24 actionable tasks: 3 executed, 21 up-to-date
Exception in thread "main" java.lang.IllegalStateException: Unsupported stack value types in DICTUGETREF: CONDITIONAL
	at org.ton.tac.StackKt.throwErrorIfStackTypesNotSupported(Stack.kt:31)
	at org.ton.tac.TacGenerationKt.processInstruction(TacGeneration.kt:79)
	at org.ton.tac.TacGenerationKt.generateTacCodeBlock(TacGeneration.kt:33)
	at org.ton.tac.TacGenerationKt.generateTacCodeBlock$default(TacGeneration.kt:17)
	at org.ton.tac.ContinuationKt.extractOperandContinuations(Continuation.kt:44)
	at org.ton.tac.TacGenerationKt.handleBranchingInstruction(TacGeneration.kt:151)
	at org.ton.tac.TacGenerationKt.processInstruction(TacGeneration.kt:84)
	at org.ton.tac.TacGenerationKt.generateTacCodeBlock(TacGeneration.kt:33)
	at org.ton.tac.TacGenerationKt.generateTacCodeBlock$default(TacGeneration.kt:17)
	at org.ton.tac.ContinuationKt.extractOperandContinuations(Continuation.kt:44)
	at org.ton.tac.PushContHandler.handle(TacInstructionHandlers.kt:208)
	at org.ton.tac.TacGenerationKt.processInstruction(TacGeneration.kt:89)
	at org.ton.tac.TacGenerationKt.generateTacCodeBlock(TacGeneration.kt:33)
	at org.ton.tac.TacGenerationKt.generateTacCodeBlock$default(TacGeneration.kt:17)
	at org.ton.tac.ContinuationKt.extractOperandContinuations(Continuation.kt:44)
	at org.ton.tac.TacGenerationKt.handleBranchingInstruction(TacGeneration.kt:151)
	at org.ton.tac.TacGenerationKt.processInstruction(TacGeneration.kt:84)
	at org.ton.tac.TacGenerationKt.generateTacCodeBlock(TacGeneration.kt:33)
	at org.ton.tac.TacGenerationKt.generateTacCodeBlock$default(TacGeneration.kt:17)
	at org.ton.tac.TacGenerationKt.generateTacContractCodeInternal(TacGeneration.kt:472)
	at org.ton.tac.TacGenerationKt.generateTacContractCode(TacGeneration.kt:501)
	at org.ton.disasm.TacDisassemblerCommand.run(Main.kt:136)
	at com.github.ajalt.clikt.parsers.Parser.finalizeAndRun(Parser.kt:348)
	at com.github.ajalt.clikt.parsers.Parser.parse(Parser.kt:218)
	at com.github.ajalt.clikt.parsers.Parser.parse(Parser.kt:245)
	at com.github.ajalt.clikt.parsers.Parser.parse(Parser.kt:42)
	at com.github.ajalt.clikt.core.CliktCommand.parse(CliktCommand.kt:457)
	at com.github.ajalt.clikt.core.CliktCommand.parse$default(CliktCommand.kt:454)
	at com.github.ajalt.clikt.core.CliktCommand.main(CliktCommand.kt:474)
	at com.github.ajalt.clikt.core.CliktCommand.main(CliktCommand.kt:481)
	at org.ton.disasm.MainKt.main(Main.kt:152)

FAILURE: Build failed with an exception.

* What went wrong:
Execution failed for task ':tvm-disasm-cli:run'.
> Process 'command 'C:\Program Files\Java\jdk-21\bin\java.exe'' finished with non-zero exit value 1

* Try:
> Run with --stacktrace option to get the stack trace.
> Run with --info or --debug option to get more log output.
> Run with --scan to get full insights.
> Get more help at https://help.gradle.org.

BUILD FAILED in 24s

========================================

--- ADDRESS: EQBiPdVUbxNfzBRNZ2P7T-7L1X89svE6bz-VrZKV6tg6lhIM ---
ERROR: Unsupported stack value types in DICTUGETREF: CONDITIONAL
> Task :buildSrc:checkKotlinGradlePluginConfigurationErrors
> Task :buildSrc:generateExternalPluginSpecBuilders UP-TO-DATE
> Task :buildSrc:extractPrecompiledScriptPluginPlugins UP-TO-DATE
> Task :buildSrc:compilePluginsBlocks UP-TO-DATE
> Task :buildSrc:generatePrecompiledScriptPluginAccessors UP-TO-DATE
> Task :buildSrc:generateScriptPluginAdapters UP-TO-DATE
> Task :buildSrc:compileKotlin UP-TO-DATE
> Task :buildSrc:compileJava NO-SOURCE
> Task :buildSrc:compileGroovy NO-SOURCE
> Task :buildSrc:pluginDescriptors UP-TO-DATE
> Task :buildSrc:processResources UP-TO-DATE
> Task :buildSrc:classes UP-TO-DATE
> Task :buildSrc:jar UP-TO-DATE
> Task :tvm-disasm:checkKotlinGradlePluginConfigurationErrors SKIPPED
> Task :tvm-disasm:compileKotlin UP-TO-DATE
> Task :tvm-disasm:compileJava NO-SOURCE
> Task :tvm-disasm:processResources UP-TO-DATE
> Task :tvm-disasm:classes UP-TO-DATE
> Task :tvm-disasm:jar UP-TO-DATE
> Task :tvm-disasm-cli:checkKotlinGradlePluginConfigurationErrors SKIPPED
> Task :tvm-disasm:generateInstructionsKt
> Task :tvm-opcodes:checkKotlinGradlePluginConfigurationErrors SKIPPED
> Task :tvm-opcodes:compileKotlin UP-TO-DATE
> Task :tvm-opcodes:compileJava NO-SOURCE
> Task :tvm-tac:checkKotlinGradlePluginConfigurationErrors SKIPPED
> Task :tvm-tac:compileKotlin UP-TO-DATE
> Task :tvm-tac:compileJava NO-SOURCE
> Task :tvm-utils:checkKotlinGradlePluginConfigurationErrors SKIPPED
> Task :tvm-utils:compileKotlin UP-TO-DATE
> Task :tvm-utils:compileJava NO-SOURCE
> Task :tvm-disasm-cli:compileKotlin UP-TO-DATE
> Task :tvm-disasm-cli:compileJava NO-SOURCE
> Task :tvm-disasm-cli:processResources UP-TO-DATE
> Task :tvm-disasm-cli:classes UP-TO-DATE
> Task :tvm-opcodes:processResources UP-TO-DATE
> Task :tvm-opcodes:classes UP-TO-DATE
> Task :tvm-opcodes:jar UP-TO-DATE
> Task :tvm-tac:processResources NO-SOURCE
> Task :tvm-tac:classes UP-TO-DATE
> Task :tvm-tac:jar UP-TO-DATE
> Task :tvm-utils:processResources NO-SOURCE
> Task :tvm-utils:classes UP-TO-DATE
> Task :tvm-utils:jar UP-TO-DATE

> Task :tvm-disasm-cli:run

> Task :tvm-disasm-cli:run FAILED
24 actionable tasks: 3 executed, 21 up-to-date
Exception in thread "main" java.lang.IllegalStateException: Unsupported stack value types in DICTUGETREF: CONDITIONAL
	at org.ton.tac.StackKt.throwErrorIfStackTypesNotSupported(Stack.kt:31)
	at org.ton.tac.TacGenerationKt.processInstruction(TacGeneration.kt:79)
	at org.ton.tac.TacGenerationKt.generateTacCodeBlock(TacGeneration.kt:33)
	at org.ton.tac.TacGenerationKt.generateTacCodeBlock$default(TacGeneration.kt:17)
	at org.ton.tac.ContinuationKt.extractOperandContinuations(Continuation.kt:44)
	at org.ton.tac.TacGenerationKt.handleBranchingInstruction(TacGeneration.kt:151)
	at org.ton.tac.TacGenerationKt.processInstruction(TacGeneration.kt:84)
	at org.ton.tac.TacGenerationKt.generateTacCodeBlock(TacGeneration.kt:33)
	at org.ton.tac.TacGenerationKt.generateTacCodeBlock$default(TacGeneration.kt:17)
	at org.ton.tac.ContinuationKt.extractOperandContinuations(Continuation.kt:44)
	at org.ton.tac.TacGenerationKt.handleBranchingInstruction(TacGeneration.kt:151)
	at org.ton.tac.TacGenerationKt.processInstruction(TacGeneration.kt:84)
	at org.ton.tac.TacGenerationKt.generateTacCodeBlock(TacGeneration.kt:33)
	at org.ton.tac.TacGenerationKt.generateTacCodeBlock$default(TacGeneration.kt:17)
	at org.ton.tac.ContinuationKt.extractOperandContinuations(Continuation.kt:44)
	at org.ton.tac.PushContHandler.handle(TacInstructionHandlers.kt:208)
	at org.ton.tac.TacGenerationKt.processInstruction(TacGeneration.kt:89)
	at org.ton.tac.TacGenerationKt.generateTacCodeBlock(TacGeneration.kt:33)
	at org.ton.tac.TacGenerationKt.generateTacCodeBlock$default(TacGeneration.kt:17)
	at org.ton.tac.ContinuationKt.extractOperandContinuations(Continuation.kt:44)
	at org.ton.tac.TacGenerationKt.handleBranchingInstruction(TacGeneration.kt:151)
	at org.ton.tac.TacGenerationKt.processInstruction(TacGeneration.kt:84)
	at org.ton.tac.TacGenerationKt.generateTacCodeBlock(TacGeneration.kt:33)
	at org.ton.tac.TacGenerationKt.generateTacCodeBlock$default(TacGeneration.kt:17)
	at org.ton.tac.TacGenerationKt.generateTacContractCodeInternal(TacGeneration.kt:482)
	at org.ton.tac.TacGenerationKt.generateTacContractCode(TacGeneration.kt:501)
	at org.ton.disasm.TacDisassemblerCommand.run(Main.kt:136)
	at com.github.ajalt.clikt.parsers.Parser.finalizeAndRun(Parser.kt:348)
	at com.github.ajalt.clikt.parsers.Parser.parse(Parser.kt:218)
	at com.github.ajalt.clikt.parsers.Parser.parse(Parser.kt:245)
	at com.github.ajalt.clikt.parsers.Parser.parse(Parser.kt:42)
	at com.github.ajalt.clikt.core.CliktCommand.parse(CliktCommand.kt:457)
	at com.github.ajalt.clikt.core.CliktCommand.parse$default(CliktCommand.kt:454)
	at com.github.ajalt.clikt.core.CliktCommand.main(CliktCommand.kt:474)
	at com.github.ajalt.clikt.core.CliktCommand.main(CliktCommand.kt:481)
	at org.ton.disasm.MainKt.main(Main.kt:152)

FAILURE: Build failed with an exception.

* What went wrong:
Execution failed for task ':tvm-disasm-cli:run'.
> Process 'command 'C:\Program Files\Java\jdk-21\bin\java.exe'' finished with non-zero exit value 1

* Try:
> Run with --stacktrace option to get the stack trace.
> Run with --info or --debug option to get more log output.
> Run with --scan to get full insights.
> Get more help at https://help.gradle.org.

BUILD FAILED in 20s

========================================

--- ADDRESS: EQB8oLv6ZUz9J_bgX9UkdMiWRZDKAPgesH2TI-qPCE1nsfEB ---
ERROR: Instruction: DICTUGETJMPZ is not supported, since stackInputs/Outputs are unconstrained
> Task :buildSrc:checkKotlinGradlePluginConfigurationErrors
> Task :buildSrc:generateExternalPluginSpecBuilders UP-TO-DATE
> Task :buildSrc:extractPrecompiledScriptPluginPlugins UP-TO-DATE
> Task :buildSrc:compilePluginsBlocks UP-TO-DATE
> Task :buildSrc:generatePrecompiledScriptPluginAccessors UP-TO-DATE
> Task :buildSrc:generateScriptPluginAdapters UP-TO-DATE
> Task :buildSrc:compileKotlin UP-TO-DATE
> Task :buildSrc:compileJava NO-SOURCE
> Task :buildSrc:compileGroovy NO-SOURCE
> Task :buildSrc:pluginDescriptors UP-TO-DATE
> Task :buildSrc:processResources UP-TO-DATE
> Task :buildSrc:classes UP-TO-DATE
> Task :buildSrc:jar UP-TO-DATE
> Task :tvm-disasm:checkKotlinGradlePluginConfigurationErrors SKIPPED
> Task :tvm-disasm:compileKotlin UP-TO-DATE
> Task :tvm-disasm:compileJava NO-SOURCE
> Task :tvm-disasm:processResources UP-TO-DATE
> Task :tvm-disasm:classes UP-TO-DATE
> Task :tvm-disasm:jar UP-TO-DATE
> Task :tvm-disasm-cli:checkKotlinGradlePluginConfigurationErrors SKIPPED
> Task :tvm-disasm:generateInstructionsKt
> Task :tvm-opcodes:checkKotlinGradlePluginConfigurationErrors SKIPPED
> Task :tvm-opcodes:compileKotlin UP-TO-DATE
> Task :tvm-opcodes:compileJava NO-SOURCE
> Task :tvm-tac:checkKotlinGradlePluginConfigurationErrors SKIPPED
> Task :tvm-tac:compileKotlin UP-TO-DATE
> Task :tvm-tac:compileJava NO-SOURCE
> Task :tvm-utils:checkKotlinGradlePluginConfigurationErrors SKIPPED
> Task :tvm-utils:compileKotlin UP-TO-DATE
> Task :tvm-utils:compileJava NO-SOURCE
> Task :tvm-disasm-cli:compileKotlin UP-TO-DATE
> Task :tvm-disasm-cli:compileJava NO-SOURCE
> Task :tvm-disasm-cli:processResources UP-TO-DATE
> Task :tvm-disasm-cli:classes UP-TO-DATE
> Task :tvm-opcodes:processResources UP-TO-DATE
> Task :tvm-opcodes:classes UP-TO-DATE
> Task :tvm-opcodes:jar UP-TO-DATE
> Task :tvm-tac:processResources NO-SOURCE
> Task :tvm-tac:classes UP-TO-DATE
> Task :tvm-tac:jar UP-TO-DATE
> Task :tvm-utils:processResources NO-SOURCE
> Task :tvm-utils:classes UP-TO-DATE
> Task :tvm-utils:jar UP-TO-DATE

> Task :tvm-disasm-cli:run

> Task :tvm-disasm-cli:run FAILED
24 actionable tasks: 3 executed, 21 up-to-date
Exception in thread "main" java.lang.IllegalStateException: Instruction: DICTUGETJMPZ is not supported, since stackInputs/Outputs are unconstrained
	at org.ton.tac.StackKt.throwErrorIfStackTypesNotSupported(Stack.kt:16)
	at org.ton.tac.TacGenerationKt.processInstruction(TacGeneration.kt:79)
	at org.ton.tac.TacGenerationKt.generateTacCodeBlock(TacGeneration.kt:33)
	at org.ton.tac.TacGenerationKt.generateTacCodeBlock$default(TacGeneration.kt:17)
	at org.ton.tac.ContinuationKt.extractOperandContinuations(Continuation.kt:44)
	at org.ton.tac.PushContHandler.handle(TacInstructionHandlers.kt:208)
	at org.ton.tac.TacGenerationKt.processInstruction(TacGeneration.kt:89)
	at org.ton.tac.TacGenerationKt.generateTacCodeBlock(TacGeneration.kt:33)
	at org.ton.tac.TacGenerationKt.generateTacCodeBlock$default(TacGeneration.kt:17)
	at org.ton.tac.TacGenerationKt.generateTacContractCodeInternal(TacGeneration.kt:472)
	at org.ton.tac.TacGenerationKt.generateTacContractCode(TacGeneration.kt:501)
	at org.ton.disasm.TacDisassemblerCommand.run(Main.kt:136)
	at com.github.ajalt.clikt.parsers.Parser.finalizeAndRun(Parser.kt:348)
	at com.github.ajalt.clikt.parsers.Parser.parse(Parser.kt:218)
	at com.github.ajalt.clikt.parsers.Parser.parse(Parser.kt:245)
	at com.github.ajalt.clikt.parsers.Parser.parse(Parser.kt:42)
	at com.github.ajalt.clikt.core.CliktCommand.parse(CliktCommand.kt:457)
	at com.github.ajalt.clikt.core.CliktCommand.parse$default(CliktCommand.kt:454)
	at com.github.ajalt.clikt.core.CliktCommand.main(CliktCommand.kt:474)
	at com.github.ajalt.clikt.core.CliktCommand.main(CliktCommand.kt:481)
	at org.ton.disasm.MainKt.main(Main.kt:152)

FAILURE: Build failed with an exception.

* What went wrong:
Execution failed for task ':tvm-disasm-cli:run'.
> Process 'command 'C:\Program Files\Java\jdk-21\bin\java.exe'' finished with non-zero exit value 1

* Try:
> Run with --stacktrace option to get the stack trace.
> Run with --info or --debug option to get more log output.
> Run with --scan to get full insights.
> Get more help at https://help.gradle.org.

BUILD FAILED in 18s

========================================

--- ADDRESS: EQBgFtCZB_mTec1HnIYwFPw2BMb2QcgT7S9NB7xstQrYR_ve ---
ERROR: Exception in thread "main" kotlin.NotImplementedError: An operation is not implemented: in RETALT branch isn't type variable
> Task :buildSrc:checkKotlinGradlePluginConfigurationErrors
> Task :buildSrc:generateExternalPluginSpecBuilders UP-TO-DATE
> Task :buildSrc:extractPrecompiledScriptPluginPlugins UP-TO-DATE
> Task :buildSrc:compilePluginsBlocks UP-TO-DATE
> Task :buildSrc:generatePrecompiledScriptPluginAccessors UP-TO-DATE
> Task :buildSrc:generateScriptPluginAdapters UP-TO-DATE
> Task :buildSrc:compileKotlin UP-TO-DATE
> Task :buildSrc:compileJava NO-SOURCE
> Task :buildSrc:compileGroovy NO-SOURCE
> Task :buildSrc:pluginDescriptors UP-TO-DATE
> Task :buildSrc:processResources UP-TO-DATE
> Task :buildSrc:classes UP-TO-DATE
> Task :buildSrc:jar UP-TO-DATE
> Task :tvm-disasm:checkKotlinGradlePluginConfigurationErrors SKIPPED
> Task :tvm-disasm:compileKotlin UP-TO-DATE
> Task :tvm-disasm:compileJava NO-SOURCE
> Task :tvm-disasm:processResources UP-TO-DATE
> Task :tvm-disasm:classes UP-TO-DATE
> Task :tvm-disasm:jar UP-TO-DATE
> Task :tvm-disasm-cli:checkKotlinGradlePluginConfigurationErrors SKIPPED
> Task :tvm-disasm:generateInstructionsKt
> Task :tvm-opcodes:checkKotlinGradlePluginConfigurationErrors SKIPPED
> Task :tvm-tac:checkKotlinGradlePluginConfigurationErrors SKIPPED
> Task :tvm-utils:checkKotlinGradlePluginConfigurationErrors SKIPPED
> Task :tvm-utils:compileKotlin UP-TO-DATE
> Task :tvm-utils:compileJava NO-SOURCE
> Task :tvm-disasm-cli:processResources UP-TO-DATE
> Task :tvm-opcodes:processResources UP-TO-DATE
> Task :tvm-tac:processResources NO-SOURCE
> Task :tvm-utils:processResources NO-SOURCE
> Task :tvm-utils:classes UP-TO-DATE
> Task :tvm-utils:jar UP-TO-DATE
> Task :tvm-opcodes:compileKotlin
> Task :tvm-opcodes:compileJava NO-SOURCE
> Task :tvm-opcodes:classes UP-TO-DATE
> Task :tvm-tac:compileKotlin
> Task :tvm-opcodes:jar
> Task :tvm-tac:compileJava NO-SOURCE
> Task :tvm-tac:classes UP-TO-DATE
> Task :tvm-tac:jar UP-TO-DATE
> Task :tvm-disasm-cli:compileKotlin
> Task :tvm-disasm-cli:compileJava NO-SOURCE
> Task :tvm-disasm-cli:classes UP-TO-DATE

> Task :tvm-disasm-cli:run FAILED
24 actionable tasks: 7 executed, 17 up-to-date
Exception in thread "main" kotlin.NotImplementedError: An operation is not implemented: in RETALT branch isn't type variable
	at org.ton.tac.ContinuationKt.throwErrorIfBranchesNotTypeVar(Continuation.kt:149)
	at org.ton.tac.TacGenerationKt.handleBranchingInstruction(TacGeneration.kt:118)
	at org.ton.tac.TacGenerationKt.processInstruction(TacGeneration.kt:84)
	at org.ton.tac.TacGenerationKt.generateTacCodeBlock(TacGeneration.kt:33)
	at org.ton.tac.TacGenerationKt.generateTacCodeBlock$default(TacGeneration.kt:17)
	at org.ton.tac.ContinuationKt.extractOperandContinuations(Continuation.kt:44)
	at org.ton.tac.PushContHandler.handle(TacInstructionHandlers.kt:208)
	at org.ton.tac.TacGenerationKt.processInstruction(TacGeneration.kt:89)
	at org.ton.tac.TacGenerationKt.generateTacCodeBlock(TacGeneration.kt:33)
	at org.ton.tac.TacGenerationKt.generateTacCodeBlock$default(TacGeneration.kt:17)
	at org.ton.tac.ContinuationKt.extractOperandContinuations(Continuation.kt:44)
	at org.ton.tac.PushContHandler.handle(TacInstructionHandlers.kt:208)
	at org.ton.tac.TacGenerationKt.processInstruction(TacGeneration.kt:89)
	at org.ton.tac.TacGenerationKt.generateTacCodeBlock(TacGeneration.kt:33)
	at org.ton.tac.TacGenerationKt.generateTacCodeBlock$default(TacGeneration.kt:17)
	at org.ton.tac.TacGenerationKt.generateTacContractCodeInternal(TacGeneration.kt:482)
	at org.ton.tac.TacGenerationKt.generateTacContractCode(TacGeneration.kt:501)
	at org.ton.disasm.TacDisassemblerCommand.run(Main.kt:136)
	at com.github.ajalt.clikt.parsers.Parser.finalizeAndRun(Parser.kt:348)
	at com.github.ajalt.clikt.parsers.Parser.parse(Parser.kt:218)
	at com.github.ajalt.clikt.parsers.Parser.parse(Parser.kt:245)
	at com.github.ajalt.clikt.parsers.Parser.parse(Parser.kt:42)
	at com.github.ajalt.clikt.core.CliktCommand.parse(CliktCommand.kt:457)
	at com.github.ajalt.clikt.core.CliktCommand.parse$default(CliktCommand.kt:454)
	at com.github.ajalt.clikt.core.CliktCommand.main(CliktCommand.kt:474)
	at com.github.ajalt.clikt.core.CliktCommand.main(CliktCommand.kt:481)
	at org.ton.disasm.MainKt.main(Main.kt:152)

FAILURE: Build failed with an exception.

* What went wrong:
Execution failed for task ':tvm-disasm-cli:run'.
> Process 'command 'C:\Program Files\Java\jdk-21\bin\java.exe'' finished with non-zero exit value 1

* Try:
> Run with --stacktrace option to get the stack trace.
> Run with --info or --debug option to get more log output.
> Run with --scan to get full insights.
> Get more help at https://help.gradle.org.

BUILD FAILED in 45s

========================================

--- ADDRESS: EQAIGty7LY_d7TZbCvr2raCovijQVci4oM_JwpbZ-C5YQq3F ---
ERROR: Unknown error (last line): > Get more help at https://help.gradle.org.
> Task :buildSrc:checkKotlinGradlePluginConfigurationErrors
> Task :buildSrc:generateExternalPluginSpecBuilders UP-TO-DATE
> Task :buildSrc:extractPrecompiledScriptPluginPlugins UP-TO-DATE
> Task :buildSrc:compilePluginsBlocks UP-TO-DATE
> Task :buildSrc:generatePrecompiledScriptPluginAccessors UP-TO-DATE
> Task :buildSrc:generateScriptPluginAdapters UP-TO-DATE
> Task :buildSrc:compileKotlin UP-TO-DATE
> Task :buildSrc:compileJava NO-SOURCE
> Task :buildSrc:compileGroovy NO-SOURCE
> Task :buildSrc:pluginDescriptors UP-TO-DATE
> Task :buildSrc:processResources UP-TO-DATE
> Task :buildSrc:classes UP-TO-DATE
> Task :buildSrc:jar UP-TO-DATE
> Task :tvm-disasm:checkKotlinGradlePluginConfigurationErrors SKIPPED
> Task :tvm-disasm:compileKotlin UP-TO-DATE
> Task :tvm-disasm:compileJava NO-SOURCE
> Task :tvm-disasm:processResources UP-TO-DATE
> Task :tvm-disasm:classes UP-TO-DATE
> Task :tvm-disasm:jar UP-TO-DATE
> Task :tvm-disasm-cli:checkKotlinGradlePluginConfigurationErrors SKIPPED
> Task :tvm-disasm:generateInstructionsKt
> Task :tvm-opcodes:checkKotlinGradlePluginConfigurationErrors SKIPPED
> Task :tvm-tac:checkKotlinGradlePluginConfigurationErrors SKIPPED
> Task :tvm-utils:checkKotlinGradlePluginConfigurationErrors SKIPPED
> Task :tvm-utils:compileKotlin UP-TO-DATE
> Task :tvm-utils:compileJava NO-SOURCE
> Task :tvm-disasm-cli:processResources UP-TO-DATE
> Task :tvm-opcodes:processResources UP-TO-DATE
> Task :tvm-tac:processResources NO-SOURCE
> Task :tvm-utils:processResources NO-SOURCE
> Task :tvm-utils:classes UP-TO-DATE
> Task :tvm-utils:jar UP-TO-DATE
> Task :tvm-opcodes:compileKotlin
> Task :tvm-opcodes:compileJava NO-SOURCE
> Task :tvm-opcodes:classes UP-TO-DATE
> Task :tvm-opcodes:jar
> Task :tvm-tac:compileKotlin

> Task :tvm-tac:compileKotlin FAILED
21 actionable tasks: 5 executed, 16 up-to-date
e: file:///C:/Users/Besgen/Desktop/ton-disassembler/tvm-tac/src/main/kotlin/org/ton/tac/TacInstructionHandlers.kt:907:29 Unresolved reference 'dictInstHasIntegerKey'.
e: file:///C:/Users/Besgen/Desktop/ton-disassembler/tvm-tac/src/main/kotlin/org/ton/tac/TacInstructionHandlers.kt:921:33 Unresolved reference 'dictInstHasRef'.
e: file:///C:/Users/Besgen/Desktop/ton-disassembler/tvm-tac/src/main/kotlin/org/ton/tac/TacInstructionHandlers.kt:933:49 Unresolved reference 'dictInstHasRef'.
e: file:///C:/Users/Besgen/Desktop/ton-disassembler/tvm-tac/src/main/kotlin/org/ton/tac/TacInstructionHandlers.kt:964:29 Unresolved reference 'dictInstHasIntegerKey'.
e: file:///C:/Users/Besgen/Desktop/ton-disassembler/tvm-tac/src/main/kotlin/org/ton/tac/TacInstructionHandlers.kt:985:33 Unresolved reference 'dictInstHasRef'.
e: file:///C:/Users/Besgen/Desktop/ton-disassembler/tvm-tac/src/main/kotlin/org/ton/tac/TacInstructionHandlers.kt:1020:29 Unresolved reference 'dictInstHasIntegerKey'.
e: file:///C:/Users/Besgen/Desktop/ton-disassembler/tvm-tac/src/main/kotlin/org/ton/tac/TacInstructionHandlers.kt:1042:26 Unresolved reference 'dictInstHasRef'.
e: file:///C:/Users/Besgen/Desktop/ton-disassembler/tvm-tac/src/main/kotlin/org/ton/tac/TacInstructionHandlers.kt:1078:29 Unresolved reference 'dictInstHasIntegerKey'.
e: file:///C:/Users/Besgen/Desktop/ton-disassembler/tvm-tac/src/main/kotlin/org/ton/tac/TacInstructionHandlers.kt:1092:33 Unresolved reference 'dictInstHasRef'.

FAILURE: Build failed with an exception.

* What went wrong:
Execution failed for task ':tvm-tac:compileKotlin'.
> A failure occurred while executing org.jetbrains.kotlin.compilerRunner.GradleCompilerRunnerWithWorkers$GradleKotlinCompilerWorkAction
   > Compilation error. See log for more details

* Try:
> Run with --stacktrace option to get the stack trace.
> Run with --info or --debug option to get more log output.
> Run with --scan to get full insights.
> Get more help at https://help.gradle.org.

BUILD FAILED in 54s

========================================
